[2025-11-30 12:50:25] [TRACE]   [OmnipathR] Reading JSON from `C:\Users\diana\AppData\Local\Cache\OmnipathR/cache.json` (encoding: UTF-8).
[2025-11-30 12:50:25] [TRACE]   [OmnipathR] JSON validation successful: TRUE
[2025-11-30 12:50:25] [INFO]    [OmnipathR] Initialized cache: `C:\Users\diana\AppData\Local\Cache\OmnipathR`.
[2025-11-30 12:50:25] [INFO]    [OmnipathR] Package `OmnipathR` packaged: 2025-11-21 01:10:22 UTC; biocbuild
[2025-11-30 12:50:25] [INFO]    [OmnipathR] Package `OmnipathR` date/publication: 2025-11-20
[2025-11-30 12:50:25] [INFO]    [OmnipathR] Package `OmnipathR` built: R 4.5.2; ; 2025-11-30 11:48:49 UTC; windows
[2025-11-30 12:50:25] [INFO]    [OmnipathR] Package `OmnipathR` version: 3.18.2
[2025-11-30 12:50:25] [INFO]    [OmnipathR] Package `OmnipathR` repository: Bioconductor 3.22
[2025-11-30 12:50:26] [INFO]    [OmnipathR] Session info: [version=R version 4.5.2 (2025-10-31 ucrt); os=Windows 11 x64 (build 26200); system=x86_64, mingw32; ui=RStudio; language=(EN); collate=English_United Kingdom.utf8; ctype=English_United Kingdom.utf8; tz=Europe/Stockholm; date=2025-11-30; rstudio=2025.09.2+418 Cucumberleaf Sunflower (desktop); pandoc=3.6.3 @ C:/Program Files/RStudio/resources/app/bin/quarto/bin/tools/ (via rmarkdown); quarto=ERROR: Unknown command "TMPDIR=C:/Users/diana/AppData/Local/Temp/RtmpQFrDON/file296821ff5c3f". Did you mean command "install"? @ C:\PROGRA~1\RStudio\RESOUR~1\app\bin\quarto\bin\quarto.exe]
[2025-11-30 12:50:26] [INFO]    [OmnipathR] External libraries: [cairo=1.18.4; cairoFT=; pango=; png=1.6.50; jpeg=9.6; tiff=LIBTIFF, Version 4.7.1; tcl=8.6.17; curl=8.16.0; zlib=1.3.1; bzlib=1.0.8, 13-Jul-2019; xz=5.8.1; deflate=1.24; PCRE=10.46 2025-08-27; ICU=77.1; TRE=TRE 0.8.0 R_fixes (BSD); iconv=win_iconv; readline=; BLAS=; lapack=; lapack_version=3.12.1]
[2025-11-30 12:50:27] [INFO]    [OmnipathR] Loaded packages: abind 1.4-8(2024-09-12); AnnotationDbi 1.72.0(2025-10-29); backports 1.5.0(2024-05-23); bcellViper 1.46.0(2025-10-30); Biobase 2.70.0(2025-10-29); BiocFileCache 3.0.0(2025-10-29); BiocGenerics 0.56.0(2025-10-29); BiocManager 1.30.27(2025-11-14); BiocParallel 1.44.0(2025-10-29); biomaRt 2.66.0(2025-10-29); Biostrings 2.78.0(2025-10-29); bit 4.6.0(2025-03-06); bit64 4.6.0-1(2025-01-16); blob 1.2.4(2023-03-17); broom 1.0.10(2025-09-13); cachem 1.1.0(2024-05-16); car 3.1-3(2024-09-27); carData 3.0-5(2022-01-06); cellranger 1.1.0(2016-07-27); checkmate 2.3.3(2025-08-18); cli 3.6.5(2025-04-23); codetools 0.2-20(2024-03-31); crayon 1.5.3(2024-06-20); curl 7.0.0(2025-08-19); DBI 1.2.3(2024-06-02); dbplyr 2.5.1(2025-09-10); decoupleR 2.16.0(2025-10-29); DelayedArray 0.36.0(2025-10-29); DESeq2 1.50.2(2025-11-12); digest 0.6.39(2025-11-19); dorothea 1.22.0(2025-11-04); dplyr 1.1.4(2023-11-17); evaluate 1.0.5(2025-08-27); farver 2.1.2(2024-05-13); fastmap 1.2.0(2024-05-15); filelock 1.0.3(2023-12-11); Formula 1.2-5(2023-02-24); fs 1.6.6(2025-04-12); generics 0.1.4(2025-05-09); GenomicRanges 1.62.0(2025-10-29); ggplot2 4.0.1(2025-11-14); ggpubr 0.6.2(2025-10-17); ggrepel 0.9.6(2024-09-07); ggsignif 0.6.4(2022-10-13); glue 1.8.0(2024-09-30); gridExtra 2.3(2017-09-09); gtable 0.3.6(2024-10-25); hms 1.1.4(2025-10-17); htmltools 0.5.8.1(2024-04-04); httr 1.4.7(2023-08-15); httr2 1.2.1(2025-07-22); igraph 2.2.1(2025-10-27); IRanges 2.44.0(2025-10-29); jsonlite 2.0.0(2025-03-27); KEGGREST 1.50.0(2025-10-29); knitr 1.50(2025-03-16); labeling 0.4.3(2023-08-29); later 1.4.4(2025-08-27); lattice 0.22-7(2025-04-02); lifecycle 1.0.4(2023-11-07); locfit 1.5-9.12(2025-03-05); logger 0.4.1(2025-09-11); lubridate 1.9.4(2024-12-08); magrittr 2.0.4(2025-09-12); Matrix 1.7-4(2025-08-28); MatrixGenerics 1.22.0(2025-10-29); matrixStats 1.5.0(2025-01-07); memoise 2.0.1(2021-11-26); OmnipathR 3.18.2(2025-11-20); org.Hs.eg.db 3.22.0(2025-11-30); parallelly 1.45.1(2025-07-24); pheatmap 1.0.13(2025-06-05); pillar 1.11.1(2025-09-17); pkgconfig 2.0.3(2019-09-22); plyr 1.8.9(2023-10-02); png 0.1-8(2022-11-29); prettyunits 1.2.0(2023-09-24); progeny 1.32.0(2025-10-29); progress 1.2.3(2023-12-06); purrr 1.2.0(2025-11-04); R.methodsS3 1.8.2(2022-06-13); R.oo 1.27.1(2025-05-02); R.utils 2.13.0(2025-02-24); R6 2.6.1(2025-02-15); rappdirs 0.3.3(2021-01-31); RColorBrewer 1.1-3(2022-04-03); Rcpp 1.1.0(2025-07-02); readr 2.1.6(2025-11-14); readxl 1.4.5(2025-03-07); reshape2 1.4.5(2025-11-12); rlang 1.1.6(2025-04-11); rmarkdown 2.30(2025-09-28); RSQLite 2.4.5(2025-11-30); rstatix 0.7.3(2025-10-18); rvest 1.0.5(2025-08-29); S4Arrays 1.10.0(2025-10-29); S4Vectors 0.48.0(2025-10-29); S7 0.2.1(2025-11-14); scales 1.4.0(2025-04-24); Seqinfo 1.0.0(2025-10-29); sessioninfo 1.2.3(2025-02-05); SparseArray 1.10.3(2025-11-25); stringi 1.8.7(2025-03-27); stringr 1.6.0(2025-11-04); SummarizedExperiment 1.40.0(2025-10-29); tibble 3.3.0(2025-06-08); tidyr 1.3.1(2024-01-24); tidyselect 1.2.1(2024-03-11); timechange 0.3.0(2024-01-18); tzdb 0.5.0(2025-03-15); utf8 1.2.6(2025-06-08); vctrs 0.6.5(2023-12-01); withr 3.0.2(2024-10-28); xfun 0.54(2025-10-30); XML 3.99-0.20(2025-11-08); xml2 1.5.0(2025-11-17); XVector 0.50.0(2025-10-29); yaml 2.3.11(2025-11-28); zip 2.3.3(2025-05-13)
[2025-11-30 12:50:27] [INFO]    [OmnipathR] CURL: version: 8.14.1; headers: 8.14.1; ssl_version: (OpenSSL/3.5.0) Schannel; libz_version: 1.3; libssh_version: libssh2/1.11.0; libidn_version: NA; host: x86_64-w64-mingw32; protocols: dict, file, ftp, ftps, gopher, gophers, http, https, imap, imaps, ldap, ldaps, mqtt, pop3, pop3s, rtsp, scp, sftp, smb, smbs, smtp, smtps, telnet, tftp, ws, wss; ipv6: TRUE; http2: TRUE; idn: TRUE; url_parser: TRUE
[2025-11-30 12:50:27] [TRACE]   [OmnipathR] Reading JSON from `C:/Users/diana/AppData/Local/R/win-library/4.5/OmnipathR/db/db_def.json` (encoding: UTF-8).
[2025-11-30 12:50:27] [TRACE]   [OmnipathR] JSON validation successful: TRUE
[2025-11-30 12:50:27] [TRACE]   [OmnipathR] Reading JSON from `C:/Users/diana/AppData/Local/R/win-library/4.5/OmnipathR/internal/magic_bytes.json` (encoding: UTF-8).
[2025-11-30 12:50:27] [TRACE]   [OmnipathR] JSON validation successful: TRUE
[2025-11-30 12:50:27] [TRACE]   [OmnipathR] Reading JSON from `C:/Users/diana/AppData/Local/R/win-library/4.5/OmnipathR/internal/urls.json` (encoding: UTF-8).
[2025-11-30 12:50:27] [TRACE]   [OmnipathR] JSON validation successful: TRUE
[2025-11-30 12:50:27] [TRACE]   [OmnipathR] Reading JSON from `C:/Users/diana/AppData/Local/R/win-library/4.5/OmnipathR/internal/id_types.json` (encoding: UTF-8).
[2025-11-30 12:50:27] [TRACE]   [OmnipathR] JSON validation successful: TRUE
[2025-11-30 12:50:30] [INFO]    [OmnipathR] Loading database `Ensembl and OMA organism names`.
[2025-11-30 12:50:30] [TRACE]   [OmnipathR] Reading JSON from `C:\Users\diana\AppData\Local\Cache\OmnipathR/cache.json` (encoding: UTF-8).
[2025-11-30 12:50:30] [TRACE]   [OmnipathR] JSON validation successful: TRUE
[2025-11-30 12:50:30] [INFO]    [OmnipathR] Looking up in cache `https://www.ensembl.org/info/about/species.html`: key=7332486db7400730697234bad76ca0c8e4d00799, no version available.
[2025-11-30 12:50:30] [TRACE]   [OmnipathR] Reading JSON from `C:\Users\diana\AppData\Local\Cache\OmnipathR/cache.json` (encoding: UTF-8).
[2025-11-30 12:50:30] [TRACE]   [OmnipathR] JSON validation successful: TRUE
[2025-11-30 12:50:30] [INFO]    [OmnipathR] Created new version for cache record 7332486db7400730697234bad76ca0c8e4d00799: version 1.
[2025-11-30 12:50:30] [TRACE]   [OmnipathR] Cache file path: C:\Users\diana\AppData\Local\Cache\OmnipathR/7332486db7400730697234bad76ca0c8e4d00799-1.html
[2025-11-30 12:50:30] [INFO]    [OmnipathR] Retrieving URL: `https://www.ensembl.org/info/about/species.html`
[2025-11-30 12:50:30] [TRACE]   [OmnipathR] Downloading by `httr2` in `download_base`.
[2025-11-30 12:50:30] [TRACE]   [OmnipathR] Attempt 1/3: `https://www.ensembl.org/info/about/species.html`
[2025-11-30 12:50:30] [TRACE]   [OmnipathR] Preparing httr2 request to URL `https://www.ensembl.org/info/about/species.html`.
[2025-11-30 12:50:30] [TRACE]   [OmnipathR] HTTP headers: [User-Agent=Mozilla/5.0 (X11; Linux x86_64; rv:134.0) Gecko/20100101 Firefox/134.0]
[2025-11-30 12:50:30] [TRACE]   [OmnipathR] Curl options: [connecttimeout=10,timeout=300,debugfunction=<function>,verbose=FALSE,tcp_keepalive=TRUE,tcp_keepintvl=10,tcp_keepidle=10,tcp_keepcnt=13,upkeep_interval_ms=30000,ssl_verifypeer=1,ssl_verifyhost=2]
[2025-11-30 12:50:30] [TRACE]   [OmnipathR] HTTP headers: [User-Agent=Mozilla/5.0 (X11; Linux x86_64; rv:134.0) Gecko/20100101 Firefox/134.0]
[2025-11-30 12:50:30] [TRACE]   [OmnipathR] Sending HTTP request.
[2025-11-30 12:50:31] [TRACE]   [OmnipathR] HTTP 200 (OK)
[2025-11-30 12:50:31] [TRACE]   [OmnipathR] HTTP v1 GET: status 200.
[2025-11-30 12:50:31] [TRACE]   [OmnipathR] Downloaded 31.4 Kb in 0.561632s from www.ensembl.org (55.9 Kb/s); Redirect: 0s, DNS look up: 0.012686s, Connection: 0.154665s, Pretransfer: 0.258855s, First byte at: 0.458543s
[2025-11-30 12:50:31] [TRACE]   [OmnipathR] HTTP headers: HTTP/1.1 200 OK; Date: Sun, 30 Nov 2025 11:50:29 GMT; Content-Type: text/html; charset=utf-8; Content-Length: 32150; Connection: keep-alive; Server: Apache; Set-cookie: redirect_mirror=; path=/; expires=Mon, 01-Jan-2001 00:00:01 GMT; Set-cookie: redirect_mirror=no; path=/; expires=Mon, 01 Dec 2025 11:50:29 GMT; Set-cookie: ENSEMBL_HINX_SESSION=b8465a0993bf06ec0be791b2697b498500357e7d912dcab0e2c9483a; path=/; expires=Thu, 31-Dec-2037 23:59:59 GMT; HttpOnly; Set-cookie: redirect_mirror=; path=/; expires=Mon, 01-Jan-2001 00:00:01 GMT; Set-cookie: redirect_mirror=no; path=/; expires=Mon, 01 Dec 2025 11:50:29 GMT; Set-cookie: ENSEMBL_HINX_SESSION=b8465a0993bf06ec0be791b2697b498500357e7d912dcab0e2c9483a; path=/; expires=Thu, 31-Dec-2037 23:59:59 GMT; HttpOnly; Vary: Accept-Encoding; Content-Encoding: gzip; X-Frame-Options: SAMEORIGIN; Content-Security-Policy: frame-ancestors 'self'; X-NGINX-MACHINE: wp-p1m2-33.ebi.ac.uk
[2025-11-30 12:50:31] [TRACE]   [OmnipathR] Response headers: [Date=Sun, 30 Nov 2025 11:50:29 GMT,Content-Type=text/html; charset=utf-8,Content-Length=32150,Connection=keep-alive,Server=Apache,Set-cookie=redirect_mirror=; path=/; expires=Mon, 01-Jan-2001 00:00:01 GMT,Set-cookie=redirect_mirror=no; path=/; expires=Mon, 01 Dec 2025 11:50:29 GMT,Set-cookie=ENSEMBL_HINX_SESSION=b8465a0993bf06ec0be791b2697b498500357e7d912dcab0e2c9483a; path=/; expires=Thu, 31-Dec-2037 23:59:59 GMT; HttpOnly,Set-cookie=redirect_mirror=; path=/; expires=Mon, 01-Jan-2001 00:00:01 GMT,Set-cookie=redirect_mirror=no; path=/; expires=Mon, 01 Dec 2025 11:50:29 GMT,Set-cookie=ENSEMBL_HINX_SESSION=b8465a0993bf06ec0be791b2697b498500357e7d912dcab0e2c9483a; path=/; expires=Thu, 31-Dec-2037 23:59:59 GMT; HttpOnly,Vary=Accept-Encoding,Content-Encoding=gzip,X-Frame-Options=SAMEORIGIN,Content-Security-Policy=frame-ancestors 'self',X-NGINX-MACHINE=wp-p1m2-33.ebi.ac.uk]
[2025-11-30 12:50:32] [INFO]    [OmnipathR] Download ready [key=7332486db7400730697234bad76ca0c8e4d00799, version=1]
[2025-11-30 12:50:32] [TRACE]   [OmnipathR] Reading JSON from `C:\Users\diana\AppData\Local\Cache\OmnipathR/cache.json` (encoding: UTF-8).
[2025-11-30 12:50:32] [TRACE]   [OmnipathR] JSON validation successful: TRUE
[2025-11-30 12:50:32] [INFO]    [OmnipathR] Cache item `7332486db7400730697234bad76ca0c8e4d00799` version 1: status changed from `unknown` to `ready`.
[2025-11-30 12:50:32] [TRACE]   [OmnipathR] Downloading by `generic_downloader`.
[2025-11-30 12:50:32] [TRACE]   [OmnipathR] Looking up in cache: `https://omabrowser.org/All/oma-species.txt`.
[2025-11-30 12:50:32] [INFO]    [OmnipathR] Cache record does not exist: `https://omabrowser.org/All/oma-species.txt`
[2025-11-30 12:50:32] [TRACE]   [OmnipathR] Could not find in cache, initiating download: `https://omabrowser.org/All/oma-species.txt`.
[2025-11-30 12:50:32] [TRACE]   [OmnipathR] Reading JSON from `C:\Users\diana\AppData\Local\Cache\OmnipathR/cache.json` (encoding: UTF-8).
[2025-11-30 12:50:32] [TRACE]   [OmnipathR] JSON validation successful: TRUE
[2025-11-30 12:50:32] [TRACE]   [OmnipathR] Reading JSON from `C:\Users\diana\AppData\Local\Cache\OmnipathR/cache.json` (encoding: UTF-8).
[2025-11-30 12:50:32] [TRACE]   [OmnipathR] JSON validation successful: TRUE
[2025-11-30 12:50:32] [INFO]    [OmnipathR] Cache item `30e690cbb55dfc63b5903ab337f34ffc2f4be397` version 1: status changed from `unknown` to `started`.
[2025-11-30 12:50:32] [TRACE]   [OmnipathR] Exporting object to RDS: `C:\Users\diana\AppData\Local\Cache\OmnipathR/30e690cbb55dfc63b5903ab337f34ffc2f4be397-1.rds`.
[2025-11-30 12:50:32] [INFO]    [OmnipathR] Retrieving URL: `https://omabrowser.org/All/oma-species.txt`
[2025-11-30 12:50:32] [TRACE]   [OmnipathR] Attempt 1/3: `https://omabrowser.org/All/oma-species.txt`
[2025-11-30 12:50:32] [TRACE]   [OmnipathR] HTTP request by `omnipath_curl`.
[2025-11-30 12:50:32] [TRACE]   [OmnipathR] Curl options: [connecttimeout=10,timeout=300,debugfunction=<function>,verbose=FALSE,tcp_keepalive=TRUE,tcp_keepintvl=10,tcp_keepidle=10,tcp_keepcnt=13,upkeep_interval_ms=30000,ssl_verifypeer=1,ssl_verifyhost=2]
[2025-11-30 12:50:32] [TRACE]   [OmnipathR] HTTP v2 GET: status 200.
[2025-11-30 12:50:32] [TRACE]   [OmnipathR] Downloaded 7.8 Kb in 0.348265s from omabrowser.org (22.4 Kb/s); Redirect: 0s, DNS look up: 0.015975s, Connection: 0.184456s, Pretransfer: 0.280026s, First byte at: 0.347743s
[2025-11-30 12:50:32] [TRACE]   [OmnipathR] HTTP headers: HTTP/2 200 ; date: Sun, 30 Nov 2025 11:50:31 GMT; server: nginx; strict-transport-security: max-age=31536000; includeSubDomains; content-type: text/plain; charset=UTF-8; last-modified: Wed, 20 Nov 2024 10:20:02 GMT; etag: W/"673db7d2-6517f"; access-control-allow-origin: *; content-encoding: gzip
[2025-11-30 12:50:33] [TRACE]   [OmnipathR] Exported RDS to `C:\Users\diana\AppData\Local\Cache\OmnipathR/30e690cbb55dfc63b5903ab337f34ffc2f4be397-1.rds`.
[2025-11-30 12:50:33] [INFO]    [OmnipathR] Download ready [key=30e690cbb55dfc63b5903ab337f34ffc2f4be397, version=1]
[2025-11-30 12:50:33] [TRACE]   [OmnipathR] Reading JSON from `C:\Users\diana\AppData\Local\Cache\OmnipathR/cache.json` (encoding: UTF-8).
[2025-11-30 12:50:33] [TRACE]   [OmnipathR] JSON validation successful: TRUE
[2025-11-30 12:50:33] [INFO]    [OmnipathR] Cache item `30e690cbb55dfc63b5903ab337f34ffc2f4be397` version 1: status changed from `started` to `ready`.
[2025-11-30 12:50:33] [TRACE]   [OmnipathR] Downloading by `generic_downloader`.
[2025-11-30 12:50:33] [TRACE]   [OmnipathR] Looking up in cache: `https://ftp.expasy.org/databases/uniprot/current_release/knowledgebase/complete/docs/speclist.txt`.
[2025-11-30 12:50:33] [INFO]    [OmnipathR] Cache record does not exist: `https://ftp.expasy.org/databases/uniprot/current_release/knowledgebase/complete/docs/speclist.txt`
[2025-11-30 12:50:33] [TRACE]   [OmnipathR] Could not find in cache, initiating download: `https://ftp.expasy.org/databases/uniprot/current_release/knowledgebase/complete/docs/speclist.txt`.
[2025-11-30 12:50:33] [TRACE]   [OmnipathR] Reading JSON from `C:\Users\diana\AppData\Local\Cache\OmnipathR/cache.json` (encoding: UTF-8).
[2025-11-30 12:50:33] [TRACE]   [OmnipathR] JSON validation successful: TRUE
[2025-11-30 12:50:33] [TRACE]   [OmnipathR] Reading JSON from `C:\Users\diana\AppData\Local\Cache\OmnipathR/cache.json` (encoding: UTF-8).
[2025-11-30 12:50:34] [TRACE]   [OmnipathR] JSON validation successful: TRUE
[2025-11-30 12:50:34] [INFO]    [OmnipathR] Cache item `56ad6544dc07a2222fa6013d8d83e6e5a35fdf33` version 1: status changed from `unknown` to `started`.
[2025-11-30 12:50:34] [TRACE]   [OmnipathR] Exporting object to RDS: `C:\Users\diana\AppData\Local\Cache\OmnipathR/56ad6544dc07a2222fa6013d8d83e6e5a35fdf33-1.rds`.
[2025-11-30 12:50:34] [INFO]    [OmnipathR] Retrieving URL: `https://ftp.expasy.org/databases/uniprot/current_release/knowledgebase/complete/docs/speclist.txt`
[2025-11-30 12:50:34] [TRACE]   [OmnipathR] Attempt 1/3: `https://ftp.expasy.org/databases/uniprot/current_release/knowledgebase/complete/docs/speclist.txt`
[2025-11-30 12:50:49] [TRACE]   [OmnipathR] Exported RDS to `C:\Users\diana\AppData\Local\Cache\OmnipathR/56ad6544dc07a2222fa6013d8d83e6e5a35fdf33-1.rds`.
[2025-11-30 12:50:49] [INFO]    [OmnipathR] Download ready [key=56ad6544dc07a2222fa6013d8d83e6e5a35fdf33, version=1]
[2025-11-30 12:50:49] [TRACE]   [OmnipathR] Reading JSON from `C:\Users\diana\AppData\Local\Cache\OmnipathR/cache.json` (encoding: UTF-8).
[2025-11-30 12:50:49] [TRACE]   [OmnipathR] JSON validation successful: TRUE
[2025-11-30 12:50:49] [INFO]    [OmnipathR] Cache item `56ad6544dc07a2222fa6013d8d83e6e5a35fdf33` version 1: status changed from `started` to `ready`.
[2025-11-30 12:50:49] [INFO]    [OmnipathR] Loaded database `Ensembl and OMA organism names`.
[2025-11-30 12:50:49] [TRACE]   [OmnipathR] Processing args for OmniPath query
[2025-11-30 12:50:49] [TRACE]   [OmnipathR] Arguments for OmniPath query: [loops=TRUE,organisms=9606,genesymbols=TRUE,query_type=interactions,datasets=collectri]
[2025-11-30 12:50:49] [TRACE]   [OmnipathR] Organism(s): 9606
[2025-11-30 12:50:49] [TRACE]   [OmnipathR] Orthology targets: 
[2025-11-30 12:50:49] [TRACE]   [OmnipathR] Looking up in cache: `https://omnipathdb.org/interactions?genesymbols=yes&datasets=collectri&organisms=9606&fields=sources,references,curation_effort&loops=yes&license=academic`
[2025-11-30 12:50:49] [INFO]    [OmnipathR] Cache record does not exist: `https://omnipathdb.org/interactions?genesymbols=yes&datasets=collectri&organisms=9606&fields=sources,references,curation_effort&loops=yes&license=academic`
[2025-11-30 12:50:49] [TRACE]   [OmnipathR] Looking up in cache: `http://no-tls.omnipathdb.org/interactions?genesymbols=yes&datasets=collectri&organisms=9606&fields=sources,references,curation_effort&loops=yes&license=academic`
[2025-11-30 12:50:49] [INFO]    [OmnipathR] Cache record does not exist: `http://no-tls.omnipathdb.org/interactions?genesymbols=yes&datasets=collectri&organisms=9606&fields=sources,references,curation_effort&loops=yes&license=academic`
[2025-11-30 12:50:49] [TRACE]   [OmnipathR] Attempting `https://omnipathdb.org/interactions?genesymbols=yes&datasets=collectri&organisms=9606&fields=sources,references,curation_effort&loops=yes&license=academic`
[2025-11-30 12:50:49] [INFO]    [OmnipathR] Retrieving URL: `https://omnipathdb.org/interactions?genesymbols=yes&datasets=collectri&organisms=9606&fields=sources,references,curation_effort&loops=yes&license=academic`
[2025-11-30 12:50:49] [TRACE]   [OmnipathR] Attempt 1/3: `https://omnipathdb.org/interactions?genesymbols=yes&datasets=collectri&organisms=9606&fields=sources,references,curation_effort&loops=yes&license=academic`
[2025-11-30 12:50:49] [TRACE]   [OmnipathR] HTTP request by `omnipath_curl`.
[2025-11-30 12:50:49] [TRACE]   [OmnipathR] Curl options: [connecttimeout=10,timeout=300,debugfunction=<function>,verbose=FALSE,tcp_keepalive=TRUE,tcp_keepintvl=10,tcp_keepidle=10,tcp_keepcnt=13,upkeep_interval_ms=30000,ssl_verifypeer=1,ssl_verifyhost=2]
[2025-11-30 12:50:49] [TRACE]   [OmnipathR] HTTP v1 GET: status 200.
[2025-11-30 12:50:49] [TRACE]   [OmnipathR] Downloaded 31.7 Kb in 0.357873s from omnipathdb.org (88.5 Kb/s); Redirect: 0s, DNS look up: 0.046657s, Connection: 0.197199s, Pretransfer: 0.262274s, First byte at: 0.355543s
[2025-11-30 12:50:49] [TRACE]   [OmnipathR] HTTP headers: HTTP/1.1 200 OK; Server: nginx; Date: Sun, 30 Nov 2025 11:50:48 GMT; Content-Type: text/plain; charset=utf-8; Transfer-Encoding: chunked; Connection: keep-alive; Cache-Control: max-age=3600; Access-Control-Allow-Origin: *; Expires: Sun, 30 Nov 2025 12:50:48 GMT; Cache-Control: public; X-Frame-Options: DENY; Content-Encoding: gzip
[2025-11-30 12:50:51] [INFO]    [OmnipathR] Successfully retrieved: `https://omnipathdb.org/interactions?genesymbols=yes&datasets=collectri&organisms=9606&fields=sources,references,curation_effort&loops=yes&license=academic`
[2025-11-30 12:50:51] [TRACE]   [OmnipathR] Reading JSON from `C:\Users\diana\AppData\Local\Cache\OmnipathR/cache.json` (encoding: UTF-8).
[2025-11-30 12:50:51] [TRACE]   [OmnipathR] JSON validation successful: TRUE
[2025-11-30 12:50:51] [TRACE]   [OmnipathR] Reading JSON from `C:\Users\diana\AppData\Local\Cache\OmnipathR/cache.json` (encoding: UTF-8).
[2025-11-30 12:50:51] [TRACE]   [OmnipathR] JSON validation successful: TRUE
[2025-11-30 12:50:51] [INFO]    [OmnipathR] Cache item `b10176737ba43d460b13709623189f3911123779` version 1: status changed from `unknown` to `started`.
[2025-11-30 12:50:51] [TRACE]   [OmnipathR] Exporting object to RDS: `C:\Users\diana\AppData\Local\Cache\OmnipathR/b10176737ba43d460b13709623189f3911123779-1.rds`.
[2025-11-30 12:50:51] [TRACE]   [OmnipathR] Exported RDS to `C:\Users\diana\AppData\Local\Cache\OmnipathR/b10176737ba43d460b13709623189f3911123779-1.rds`.
[2025-11-30 12:50:51] [INFO]    [OmnipathR] Download ready [key=b10176737ba43d460b13709623189f3911123779, version=1]
[2025-11-30 12:50:51] [TRACE]   [OmnipathR] Reading JSON from `C:\Users\diana\AppData\Local\Cache\OmnipathR/cache.json` (encoding: UTF-8).
[2025-11-30 12:50:51] [TRACE]   [OmnipathR] JSON validation successful: TRUE
[2025-11-30 12:50:51] [INFO]    [OmnipathR] Cache item `b10176737ba43d460b13709623189f3911123779` version 1: status changed from `started` to `ready`.
[2025-11-30 12:50:53] [SUCCESS] [OmnipathR] Downloaded 64979 interactions.
[2025-11-30 12:50:53] [TRACE]   [OmnipathR] Processing args for OmniPath query
[2025-11-30 12:50:53] [TRACE]   [OmnipathR] Arguments for OmniPath query: [genesymbols=TRUE,resources=CollecTRI,strict_evidences=TRUE,query_type=interactions,datasets=tf_mirna]
[2025-11-30 12:50:53] [TRACE]   [OmnipathR] Organism(s): 9606
[2025-11-30 12:50:53] [TRACE]   [OmnipathR] Orthology targets: 
[2025-11-30 12:50:53] [TRACE]   [OmnipathR] Reading JSON from `https://omnipathdb.org/resources` (encoding: UTF-8).
[2025-11-30 12:50:54] [TRACE]   [OmnipathR] JSON validation successful: TRUE
[2025-11-30 12:50:54] [TRACE]   [OmnipathR] Looking up in cache: `https://omnipathdb.org/interactions?genesymbols=yes&resources=CollecTRI&datasets=tf_mirna&organisms=9606&fields=evidences,sources,references,curation_effort&license=academic`
[2025-11-30 12:50:54] [INFO]    [OmnipathR] Cache record does not exist: `https://omnipathdb.org/interactions?genesymbols=yes&resources=CollecTRI&datasets=tf_mirna&organisms=9606&fields=evidences,sources,references,curation_effort&license=academic`
[2025-11-30 12:50:54] [TRACE]   [OmnipathR] Looking up in cache: `http://no-tls.omnipathdb.org/interactions?genesymbols=yes&resources=CollecTRI&datasets=tf_mirna&organisms=9606&fields=evidences,sources,references,curation_effort&license=academic`
[2025-11-30 12:50:54] [INFO]    [OmnipathR] Cache record does not exist: `http://no-tls.omnipathdb.org/interactions?genesymbols=yes&resources=CollecTRI&datasets=tf_mirna&organisms=9606&fields=evidences,sources,references,curation_effort&license=academic`
[2025-11-30 12:50:54] [TRACE]   [OmnipathR] Attempting `https://omnipathdb.org/interactions?genesymbols=yes&resources=CollecTRI&datasets=tf_mirna&organisms=9606&fields=evidences,sources,references,curation_effort&license=academic`
[2025-11-30 12:50:54] [INFO]    [OmnipathR] Retrieving URL: `https://omnipathdb.org/interactions?genesymbols=yes&resources=CollecTRI&datasets=tf_mirna&organisms=9606&fields=evidences,sources,references,curation_effort&license=academic`
[2025-11-30 12:50:54] [TRACE]   [OmnipathR] Attempt 1/3: `https://omnipathdb.org/interactions?genesymbols=yes&resources=CollecTRI&datasets=tf_mirna&organisms=9606&fields=evidences,sources,references,curation_effort&license=academic`
[2025-11-30 12:50:54] [TRACE]   [OmnipathR] HTTP request by `omnipath_curl`.
[2025-11-30 12:50:54] [TRACE]   [OmnipathR] Curl options: [connecttimeout=10,timeout=300,debugfunction=<function>,verbose=FALSE,tcp_keepalive=TRUE,tcp_keepintvl=10,tcp_keepidle=10,tcp_keepcnt=13,upkeep_interval_ms=30000,ssl_verifypeer=1,ssl_verifyhost=2]
[2025-11-30 12:50:55] [TRACE]   [OmnipathR] HTTP v1 GET: status 200.
[2025-11-30 12:50:55] [TRACE]   [OmnipathR] Downloaded 9 Kb in 1.147613s from omnipathdb.org (7.9 Kb/s); Redirect: 0s, DNS look up: 0.002803s, Connection: 1.062652s, Pretransfer: 1.108035s, First byte at: 1.146397s
[2025-11-30 12:50:55] [TRACE]   [OmnipathR] HTTP headers: HTTP/1.1 200 OK; Server: nginx; Date: Sun, 30 Nov 2025 11:50:54 GMT; Content-Type: text/plain; charset=utf-8; Transfer-Encoding: chunked; Connection: keep-alive; Cache-Control: max-age=3600; Access-Control-Allow-Origin: *; Expires: Sun, 30 Nov 2025 12:50:54 GMT; Cache-Control: public; X-Frame-Options: DENY; Content-Encoding: gzip
[2025-11-30 12:50:56] [INFO]    [OmnipathR] Successfully retrieved: `https://omnipathdb.org/interactions?genesymbols=yes&resources=CollecTRI&datasets=tf_mirna&organisms=9606&fields=evidences,sources,references,curation_effort&license=academic`
[2025-11-30 12:50:56] [TRACE]   [OmnipathR] Reading JSON from `C:\Users\diana\AppData\Local\Cache\OmnipathR/cache.json` (encoding: UTF-8).
[2025-11-30 12:50:56] [TRACE]   [OmnipathR] JSON validation successful: TRUE
[2025-11-30 12:50:56] [TRACE]   [OmnipathR] Reading JSON from `C:\Users\diana\AppData\Local\Cache\OmnipathR/cache.json` (encoding: UTF-8).
[2025-11-30 12:50:56] [TRACE]   [OmnipathR] JSON validation successful: TRUE
[2025-11-30 12:50:56] [INFO]    [OmnipathR] Cache item `f7d34500401ba98803b7d2b26c48f64cee1eea1b` version 1: status changed from `unknown` to `started`.
[2025-11-30 12:50:56] [TRACE]   [OmnipathR] Exporting object to RDS: `C:\Users\diana\AppData\Local\Cache\OmnipathR/f7d34500401ba98803b7d2b26c48f64cee1eea1b-1.rds`.
[2025-11-30 12:50:56] [TRACE]   [OmnipathR] Exported RDS to `C:\Users\diana\AppData\Local\Cache\OmnipathR/f7d34500401ba98803b7d2b26c48f64cee1eea1b-1.rds`.
[2025-11-30 12:50:56] [INFO]    [OmnipathR] Download ready [key=f7d34500401ba98803b7d2b26c48f64cee1eea1b, version=1]
[2025-11-30 12:50:56] [TRACE]   [OmnipathR] Reading JSON from `C:\Users\diana\AppData\Local\Cache\OmnipathR/cache.json` (encoding: UTF-8).
[2025-11-30 12:50:56] [TRACE]   [OmnipathR] JSON validation successful: TRUE
[2025-11-30 12:50:56] [INFO]    [OmnipathR] Cache item `f7d34500401ba98803b7d2b26c48f64cee1eea1b` version 1: status changed from `started` to `ready`.
[2025-11-30 12:50:56] [TRACE]   [OmnipathR] Converting JSON column `evidences` to list.
[2025-11-30 12:50:56] [TRACE]   [OmnipathR] Restricting interaction records to datasets: tf_mirna; and resources: CollecTRI
[2025-11-30 12:50:56] [TRACE]   [OmnipathR] Filtering evidence columns: positive, negative, directed, undirected; to datasets: tf_mirna; and resources: CollecTRI; excluding resources: none
[2025-11-30 12:50:57] [SUCCESS] [OmnipathR] Downloaded 207 interactions.
[2025-11-30 16:04:10] [TRACE]   [OmnipathR] Processing args for OmniPath query
[2025-11-30 16:04:10] [TRACE]   [OmnipathR] Arguments for OmniPath query: [query_type=interactions]
[2025-11-30 16:04:10] [TRACE]   [OmnipathR] Organism(s): 9606
[2025-11-30 16:04:10] [TRACE]   [OmnipathR] Orthology targets: 
[2025-11-30 16:04:10] [TRACE]   [OmnipathR] Looking up in cache: `https://omnipathdb.org/interactions?genesymbols=yes&datasets=omnipath&organisms=9606&fields=sources,references,curation_effort&license=academic`
[2025-11-30 16:04:10] [INFO]    [OmnipathR] Cache record does not exist: `https://omnipathdb.org/interactions?genesymbols=yes&datasets=omnipath&organisms=9606&fields=sources,references,curation_effort&license=academic`
[2025-11-30 16:04:10] [TRACE]   [OmnipathR] Looking up in cache: `http://no-tls.omnipathdb.org/interactions?genesymbols=yes&datasets=omnipath&organisms=9606&fields=sources,references,curation_effort&license=academic`
[2025-11-30 16:04:10] [INFO]    [OmnipathR] Cache record does not exist: `http://no-tls.omnipathdb.org/interactions?genesymbols=yes&datasets=omnipath&organisms=9606&fields=sources,references,curation_effort&license=academic`
[2025-11-30 16:04:10] [TRACE]   [OmnipathR] Attempting `https://omnipathdb.org/interactions?genesymbols=yes&datasets=omnipath&organisms=9606&fields=sources,references,curation_effort&license=academic`
[2025-11-30 16:04:10] [INFO]    [OmnipathR] Retrieving URL: `https://omnipathdb.org/interactions?genesymbols=yes&datasets=omnipath&organisms=9606&fields=sources,references,curation_effort&license=academic`
[2025-11-30 16:04:10] [TRACE]   [OmnipathR] Attempt 1/3: `https://omnipathdb.org/interactions?genesymbols=yes&datasets=omnipath&organisms=9606&fields=sources,references,curation_effort&license=academic`
[2025-11-30 16:04:10] [TRACE]   [OmnipathR] HTTP request by `omnipath_curl`.
[2025-11-30 16:04:10] [TRACE]   [OmnipathR] Curl options: [connecttimeout=10,timeout=300,debugfunction=<function>,verbose=FALSE,tcp_keepalive=TRUE,tcp_keepintvl=10,tcp_keepidle=10,tcp_keepcnt=13,upkeep_interval_ms=30000,ssl_verifypeer=1,ssl_verifyhost=2]
[2025-11-30 16:04:11] [TRACE]   [OmnipathR] HTTP v1 GET: status 200.
[2025-11-30 16:04:11] [TRACE]   [OmnipathR] Downloaded 31.7 Kb in 0.670322s from omnipathdb.org (47.2 Kb/s); Redirect: 0s, DNS look up: 0.362502s, Connection: 0.465023s, Pretransfer: 0.569281s, First byte at: 0.669265s
[2025-11-30 16:04:11] [TRACE]   [OmnipathR] HTTP headers: HTTP/1.1 200 OK; Server: nginx; Date: Sun, 30 Nov 2025 15:04:09 GMT; Content-Type: text/plain; charset=utf-8; Transfer-Encoding: chunked; Connection: keep-alive; Cache-Control: max-age=3600; Access-Control-Allow-Origin: *; Expires: Sun, 30 Nov 2025 16:04:09 GMT; Cache-Control: public; X-Frame-Options: DENY; Content-Encoding: gzip
[2025-11-30 16:04:13] [INFO]    [OmnipathR] Successfully retrieved: `https://omnipathdb.org/interactions?genesymbols=yes&datasets=omnipath&organisms=9606&fields=sources,references,curation_effort&license=academic`
[2025-11-30 16:04:13] [TRACE]   [OmnipathR] Reading JSON from `C:\Users\diana\AppData\Local\Cache\OmnipathR/cache.json` (encoding: UTF-8).
[2025-11-30 16:04:13] [TRACE]   [OmnipathR] JSON validation successful: TRUE
[2025-11-30 16:04:13] [TRACE]   [OmnipathR] Reading JSON from `C:\Users\diana\AppData\Local\Cache\OmnipathR/cache.json` (encoding: UTF-8).
[2025-11-30 16:04:13] [TRACE]   [OmnipathR] JSON validation successful: TRUE
[2025-11-30 16:04:13] [INFO]    [OmnipathR] Cache item `a7b21d9d80a3837a50268df16d168128fc1c6ede` version 1: status changed from `unknown` to `started`.
[2025-11-30 16:04:13] [TRACE]   [OmnipathR] Exporting object to RDS: `C:\Users\diana\AppData\Local\Cache\OmnipathR/a7b21d9d80a3837a50268df16d168128fc1c6ede-1.rds`.
[2025-11-30 16:04:13] [TRACE]   [OmnipathR] Exported RDS to `C:\Users\diana\AppData\Local\Cache\OmnipathR/a7b21d9d80a3837a50268df16d168128fc1c6ede-1.rds`.
[2025-11-30 16:04:13] [INFO]    [OmnipathR] Download ready [key=a7b21d9d80a3837a50268df16d168128fc1c6ede, version=1]
[2025-11-30 16:04:13] [TRACE]   [OmnipathR] Reading JSON from `C:\Users\diana\AppData\Local\Cache\OmnipathR/cache.json` (encoding: UTF-8).
[2025-11-30 16:04:13] [TRACE]   [OmnipathR] JSON validation successful: TRUE
[2025-11-30 16:04:13] [INFO]    [OmnipathR] Cache item `a7b21d9d80a3837a50268df16d168128fc1c6ede` version 1: status changed from `started` to `ready`.
[2025-11-30 16:04:15] [SUCCESS] [OmnipathR] Downloaded 85217 interactions.
[2025-11-30 16:13:53] [TRACE]   [OmnipathR] Processing args for OmniPath query
[2025-11-30 16:13:53] [TRACE]   [OmnipathR] Arguments for OmniPath query: [query_type=interactions]
[2025-11-30 16:13:53] [TRACE]   [OmnipathR] Organism(s): 9606
[2025-11-30 16:13:53] [TRACE]   [OmnipathR] Orthology targets: 
[2025-11-30 16:13:53] [TRACE]   [OmnipathR] Looking up in cache: `https://omnipathdb.org/interactions?genesymbols=yes&datasets=omnipath&organisms=9606&fields=sources,references,curation_effort&license=academic`
[2025-11-30 16:13:53] [TRACE]   [OmnipathR] Loaded data from RDS `C:\Users\diana\AppData\Local\Cache\OmnipathR/a7b21d9d80a3837a50268df16d168128fc1c6ede-1.rds`.
[2025-11-30 16:13:53] [INFO]    [OmnipathR] Loaded from cache: `https://omnipathdb.org/interactions?genesymbols=yes&datasets=omnipath&organisms=9606&fields=sources,references,curation_effort&license=academic`
[2025-11-30 16:13:54] [SUCCESS] [OmnipathR] Loaded 85217 interactions from cache.
