[2025-12-19 14:55:09] [TRACE]   [OmnipathR] Reading JSON from `C:\Users\diana\AppData\Local\Cache\OmnipathR/cache.json` (encoding: UTF-8).
[2025-12-19 14:55:09] [TRACE]   [OmnipathR] JSON validation successful: TRUE
[2025-12-19 14:55:09] [INFO]    [OmnipathR] Initialized cache: `C:\Users\diana\AppData\Local\Cache\OmnipathR`.
[2025-12-19 14:55:09] [INFO]    [OmnipathR] Package `OmnipathR` packaged: 2025-12-08 10:29:41 UTC; diana
[2025-12-19 14:55:09] [INFO]    [OmnipathR] Package `OmnipathR` date/publication: NA
[2025-12-19 14:55:09] [INFO]    [OmnipathR] Package `OmnipathR` built: R 4.5.2; ; 2025-12-08 10:29:46 UTC; windows
[2025-12-19 14:55:09] [INFO]    [OmnipathR] Package `OmnipathR` version: 3.19.1
[2025-12-19 14:55:09] [INFO]    [OmnipathR] Package `OmnipathR` repository: NA
[2025-12-19 14:55:13] [INFO]    [OmnipathR] Session info: [version=R version 4.5.2 (2025-10-31 ucrt); os=Windows 11 x64 (build 26200); system=x86_64, mingw32; ui=RTerm; language=(EN); collate=English_United Kingdom.utf8; ctype=English_United Kingdom.utf8; tz=Europe/Stockholm; date=2025-12-19; pandoc=3.6.3 @ C:/Program Files/RStudio/resources/app/bin/quarto/bin/tools/ (via rmarkdown); quarto=NA @ C:\PROGRA~1\RStudio\RESOUR~1\app\bin\quarto\bin\quarto.exe]
[2025-12-19 14:55:16] [INFO]    [OmnipathR] External libraries: [cairo=1.18.4; cairoFT=; pango=; png=1.6.50; jpeg=9.6; tiff=LIBTIFF, Version 4.7.1; tcl=8.6.17; curl=8.16.0; zlib=1.3.1; bzlib=1.0.8, 13-Jul-2019; xz=5.8.1; deflate=1.24; PCRE=10.46 2025-08-27; ICU=77.1; TRE=TRE 0.8.0 R_fixes (BSD); iconv=win_iconv; readline=; BLAS=; lapack=; lapack_version=3.12.1]
[2025-12-19 14:55:17] [INFO]    [OmnipathR] Loaded packages: abind 1.4-8(2024-09-12); backports 1.5.0(2024-05-23); Biobase 2.70.0(2025-10-29); BiocGenerics 0.56.0(2025-10-29); BiocParallel 1.44.0(2025-10-29); bit 4.6.0(2025-03-06); bit64 4.6.0-1(2025-01-16); blob 1.2.4(2023-03-17); cachem 1.1.0(2024-05-16); CARNIVAL 2.7.2(2025-12-08); cellranger 1.1.0(2016-07-27); checkmate 2.3.3(2025-08-18); cli 3.6.5(2025-04-23); codetools 0.2-20(2024-03-31); crayon 1.5.3(2024-06-20); curl 7.0.0(2025-08-19); DBI 1.2.3(2024-06-02); DelayedArray 0.36.0(2025-10-29); DESeq2 1.50.2(2025-11-12); digest 0.6.39(2025-11-19); dplyr 1.1.4(2023-11-17); evaluate 1.0.5(2025-08-27); farver 2.1.2(2024-05-13); fastmap 1.2.0(2024-05-15); fs 1.6.6(2025-04-12); generics 0.1.4(2025-05-09); GenomicRanges 1.62.0(2025-10-29); ggplot2 4.0.1(2025-11-14); glue 1.8.0(2024-09-30); gtable 0.3.6(2024-10-25); hms 1.1.4(2025-10-17); htmltools 0.5.9(2025-12-04); httr 1.4.7(2023-08-15); httr2 1.2.1(2025-07-22); igraph 2.2.1(2025-10-27); IRanges 2.44.0(2025-10-29); jsonlite 2.0.0(2025-03-27); knitr 1.50(2025-03-16); later 1.4.4(2025-08-27); lattice 0.22-7(2025-04-02); lifecycle 1.0.4(2023-11-07); locfit 1.5-9.12(2025-03-05); logger 0.4.1(2025-09-11); lpSolve 5.6.23(2024-12-14); lubridate 1.9.4(2024-12-08); magrittr 2.0.4(2025-09-12); Matrix 1.7-4(2025-08-28); MatrixGenerics 1.22.0(2025-10-29); matrixStats 1.5.0(2025-01-07); memoise 2.0.1(2021-11-26); OmnipathR 3.19.1(2025-12-08); pillar 1.11.1(2025-09-17); pkgconfig 2.0.3(2019-09-22); prettyunits 1.2.0(2023-09-24); progress 1.2.3(2023-12-06); purrr 1.2.0(2025-11-04); R.methodsS3 1.8.2(2022-06-13); R.oo 1.27.1(2025-05-02); R.utils 2.13.0(2025-02-24); R6 2.6.1(2025-02-15); rappdirs 0.3.3(2021-01-31); RColorBrewer 1.1-3(2022-04-03); Rcpp 1.1.0(2025-07-02); readr 2.1.6(2025-11-14); readxl 1.4.5(2025-03-07); rjson 0.2.23(2024-09-16); rlang 1.1.6(2025-04-11); rmarkdown 2.30(2025-09-28); RSQLite 2.4.5(2025-11-30); rstudioapi 0.17.1(2024-10-22); rvest 1.0.5(2025-08-29); S4Arrays 1.10.1(2025-12-01); S4Vectors 0.48.0(2025-10-29); S7 0.2.1(2025-11-14); scales 1.4.0(2025-04-24); Seqinfo 1.0.0(2025-10-29); sessioninfo 1.2.3(2025-02-05); SparseArray 1.10.4(2025-12-01); stringi 1.8.7(2025-03-27); stringr 1.6.0(2025-11-04); SummarizedExperiment 1.40.0(2025-10-29); tibble 3.3.0(2025-06-08); tidyr 1.3.1(2024-01-24); tidyselect 1.2.1(2024-03-11); timechange 0.3.0(2024-01-18); tzdb 0.5.0(2025-03-15); vctrs 0.6.5(2023-12-01); withr 3.0.2(2024-10-28); xfun 0.54(2025-10-30); XML 3.99-0.20(2025-11-08); xml2 1.5.1(2025-12-01); XVector 0.50.0(2025-10-29); yaml 2.3.11(2025-11-28); zip 2.3.3(2025-05-13)
[2025-12-19 14:55:17] [INFO]    [OmnipathR] CURL: version: 8.14.1; headers: 8.14.1; ssl_version: (OpenSSL/3.5.0) Schannel; libz_version: 1.3; libssh_version: libssh2/1.11.0; libidn_version: NA; host: x86_64-w64-mingw32; protocols: dict, file, ftp, ftps, gopher, gophers, http, https, imap, imaps, ldap, ldaps, mqtt, pop3, pop3s, rtsp, scp, sftp, smb, smbs, smtp, smtps, telnet, tftp, ws, wss; ipv6: TRUE; http2: TRUE; idn: TRUE; url_parser: TRUE
[2025-12-19 14:55:17] [TRACE]   [OmnipathR] Reading JSON from `C:/Users/diana/AppData/Local/R/win-library/4.5/OmnipathR/db/db_def.json` (encoding: UTF-8).
[2025-12-19 14:55:17] [TRACE]   [OmnipathR] JSON validation successful: TRUE
[2025-12-19 14:55:17] [TRACE]   [OmnipathR] Reading JSON from `C:/Users/diana/AppData/Local/R/win-library/4.5/OmnipathR/internal/magic_bytes.json` (encoding: UTF-8).
[2025-12-19 14:55:17] [TRACE]   [OmnipathR] JSON validation successful: TRUE
[2025-12-19 14:55:17] [TRACE]   [OmnipathR] Reading JSON from `C:/Users/diana/AppData/Local/R/win-library/4.5/OmnipathR/internal/urls.json` (encoding: UTF-8).
[2025-12-19 14:55:17] [TRACE]   [OmnipathR] JSON validation successful: TRUE
[2025-12-19 14:55:17] [TRACE]   [OmnipathR] Reading JSON from `C:/Users/diana/AppData/Local/R/win-library/4.5/OmnipathR/internal/id_types.json` (encoding: UTF-8).
[2025-12-19 14:55:17] [TRACE]   [OmnipathR] JSON validation successful: TRUE
