[2025-11-24 17:46:09] [TRACE]   [OmnipathR] Reading JSON from `C:\Users\diana\AppData\Local\cache\OmnipathR/cache.json` (encoding: UTF-8).
[2025-11-24 17:46:09] [TRACE]   [OmnipathR] JSON validation successful: TRUE
[2025-11-24 17:46:09] [INFO]    [OmnipathR] Initialized cache: `C:\Users\diana\AppData\Local\cache\OmnipathR`.
[2025-11-24 17:46:09] [INFO]    [OmnipathR] Package `OmnipathR` packaged: 2025-11-11 12:50:10 UTC; diana
[2025-11-24 17:46:09] [INFO]    [OmnipathR] Package `OmnipathR` date/publication: NA
[2025-11-24 17:46:09] [INFO]    [OmnipathR] Package `OmnipathR` built: R 4.5.2; ; 2025-11-11 12:50:14 UTC; windows
[2025-11-24 17:46:09] [INFO]    [OmnipathR] Package `OmnipathR` version: 3.17.9
[2025-11-24 17:46:09] [INFO]    [OmnipathR] Package `OmnipathR` repository: NA
[2025-11-24 17:46:11] [INFO]    [OmnipathR] Session info: [version=R version 4.5.2 (2025-10-31 ucrt); os=Windows 10 x64 (build 19042); system=x86_64, mingw32; ui=RTerm; language=(EN); collate=English_Ireland.utf8; ctype=English_Ireland.utf8; tz=Europe/Dublin; date=2025-11-24; pandoc=3.6.3 @ C:/Program Files/RStudio/resources/app/bin/quarto/bin/tools/ (via rmarkdown); quarto=NA @ C:\PROGRA~1\RStudio\RESOUR~1\app\bin\quarto\bin\quarto.exe]
[2025-11-24 17:46:12] [INFO]    [OmnipathR] External libraries: [cairo=1.18.4; cairoFT=; pango=; png=1.6.50; jpeg=9.6; tiff=LIBTIFF, Version 4.7.1; tcl=8.6.17; curl=8.16.0; zlib=1.3.1; bzlib=1.0.8, 13-Jul-2019; xz=5.8.1; deflate=1.24; PCRE=10.46 2025-08-27; ICU=77.1; TRE=TRE 0.8.0 R_fixes (BSD); iconv=win_iconv; readline=; BLAS=; lapack=; lapack_version=3.12.1]
[2025-11-24 17:46:12] [INFO]    [OmnipathR] Loaded packages: backports 1.5.0(2024-05-23); Biobase 2.70.0(2025-10-29); BiocGenerics 0.56.0(2025-10-29); bit 4.6.0(2025-03-06); bit64 4.6.0-1(2025-01-16); blob 1.2.4(2023-03-17); cachem 1.1.0(2024-05-16); CARNIVAL 2.20.0(2025-10-29); cellranger 1.1.0(2016-07-27); checkmate 2.3.3(2025-08-18); cli 3.6.5(2025-04-23); crayon 1.5.3(2024-06-20); curl 7.0.0(2025-08-19); DBI 1.2.3(2024-06-02); digest 0.6.39(2025-11-19); dplyr 1.1.4(2023-11-17); evaluate 1.0.5(2025-08-27); fastmap 1.2.0(2024-05-15); fs 1.6.6(2025-04-12); generics 0.1.4(2025-05-09); glue 1.8.0(2024-09-30); hms 1.1.4(2025-10-17); htmltools 0.5.8.1(2024-04-04); httr 1.4.7(2023-08-15); httr2 1.2.1(2025-07-22); igraph 2.2.1(2025-10-27); jsonlite 2.0.0(2025-03-27); knitr 1.50(2025-03-16); later 1.4.4(2025-08-27); lifecycle 1.0.4(2023-11-07); logger 0.4.1(2025-09-11); lpSolve 5.6.23(2024-12-14); lubridate 1.9.4(2024-12-08); magrittr 2.0.4(2025-09-12); memoise 2.0.1(2021-11-26); OmnipathR 3.17.9(2025-11-11); pillar 1.11.1(2025-09-17); pkgconfig 2.0.3(2019-09-22); prettyunits 1.2.0(2023-09-24); progress 1.2.3(2023-12-06); purrr 1.2.0(2025-11-04); R.methodsS3 1.8.2(2022-06-13); R.oo 1.27.1(2025-05-02); R.utils 2.13.0(2025-02-24); R6 2.6.1(2025-02-15); rappdirs 0.3.3(2021-01-31); Rcpp 1.1.0(2025-07-02); readr 2.1.6(2025-11-14); readxl 1.4.5(2025-03-07); rjson 0.2.23(2024-09-16); rlang 1.1.6(2025-04-11); rmarkdown 2.30(2025-09-28); RSQLite 2.4.4(2025-11-10); rstudioapi 0.17.1(2024-10-22); rvest 1.0.5(2025-08-29); sessioninfo 1.2.3(2025-02-05); stringi 1.8.7(2025-03-27); stringr 1.6.0(2025-11-04); tibble 3.3.0(2025-06-08); tidyr 1.3.1(2024-01-24); tidyselect 1.2.1(2024-03-11); timechange 0.3.0(2024-01-18); tzdb 0.5.0(2025-03-15); vctrs 0.6.5(2023-12-01); withr 3.0.2(2024-10-28); xfun 0.54(2025-10-30); XML 3.99-0.20(2025-11-08); xml2 1.5.0(2025-11-17); yaml 2.3.10(2024-07-26); zip 2.3.3(2025-05-13)
[2025-11-24 17:46:12] [INFO]    [OmnipathR] CURL: version: 8.14.1; headers: 8.14.1; ssl_version: (OpenSSL/3.5.0) Schannel; libz_version: 1.3; libssh_version: libssh2/1.11.0; libidn_version: NA; host: x86_64-w64-mingw32; protocols: dict, file, ftp, ftps, gopher, gophers, http, https, imap, imaps, ldap, ldaps, mqtt, pop3, pop3s, rtsp, scp, sftp, smb, smbs, smtp, smtps, telnet, tftp, ws, wss; ipv6: TRUE; http2: TRUE; idn: TRUE; url_parser: TRUE
[2025-11-24 17:46:12] [TRACE]   [OmnipathR] Reading JSON from `C:/Program Files/R/R-4.5.2/library/OmnipathR/db/db_def.json` (encoding: UTF-8).
[2025-11-24 17:46:12] [TRACE]   [OmnipathR] JSON validation successful: TRUE
[2025-11-24 17:46:12] [TRACE]   [OmnipathR] Reading JSON from `C:/Program Files/R/R-4.5.2/library/OmnipathR/internal/magic_bytes.json` (encoding: UTF-8).
[2025-11-24 17:46:12] [TRACE]   [OmnipathR] JSON validation successful: TRUE
[2025-11-24 17:46:12] [TRACE]   [OmnipathR] Reading JSON from `C:/Program Files/R/R-4.5.2/library/OmnipathR/internal/urls.json` (encoding: UTF-8).
[2025-11-24 17:46:12] [TRACE]   [OmnipathR] JSON validation successful: TRUE
[2025-11-24 17:46:12] [TRACE]   [OmnipathR] Reading JSON from `C:/Program Files/R/R-4.5.2/library/OmnipathR/internal/id_types.json` (encoding: UTF-8).
[2025-11-24 17:46:12] [TRACE]   [OmnipathR] JSON validation successful: TRUE
[2025-11-24 17:46:35] [TRACE]   [OmnipathR] Reading JSON from `C:\Users\diana\AppData\Local\cache\OmnipathR/cache.json` (encoding: UTF-8).
[2025-11-24 17:46:35] [TRACE]   [OmnipathR] JSON validation successful: TRUE
[2025-11-24 17:46:35] [INFO]    [OmnipathR] Initialized cache: `C:\Users\diana\AppData\Local\cache\OmnipathR`.
[2025-11-24 17:46:35] [INFO]    [OmnipathR] Package `OmnipathR` packaged: 2025-11-11 12:50:10 UTC; diana
[2025-11-24 17:46:35] [INFO]    [OmnipathR] Package `OmnipathR` date/publication: NA
[2025-11-24 17:46:35] [INFO]    [OmnipathR] Package `OmnipathR` built: R 4.5.2; ; 2025-11-11 12:50:14 UTC; windows
[2025-11-24 17:46:35] [INFO]    [OmnipathR] Package `OmnipathR` version: 3.17.9
[2025-11-24 17:46:35] [INFO]    [OmnipathR] Package `OmnipathR` repository: NA
[2025-11-24 17:46:37] [INFO]    [OmnipathR] Session info: [version=R version 4.5.2 (2025-10-31 ucrt); os=Windows 10 x64 (build 19042); system=x86_64, mingw32; ui=RStudio; language=(EN); collate=English_Ireland.utf8; ctype=English_Ireland.utf8; tz=Europe/Dublin; date=2025-11-24; rstudio=2025.09.2+418 Cucumberleaf Sunflower (desktop); pandoc=3.6.3 @ C:/Program Files/RStudio/resources/app/bin/quarto/bin/tools/ (via rmarkdown); quarto=ERROR: Unknown command "TMPDIR=C:/Users/diana/AppData/Local/Temp/RtmpmMmqGR/file855013a24ad9". Did you mean command "install"? @ C:\PROGRA~1\RStudio\RESOUR~1\app\bin\quarto\bin\quarto.exe]
[2025-11-24 17:46:37] [INFO]    [OmnipathR] External libraries: [cairo=1.18.4; cairoFT=; pango=; png=1.6.50; jpeg=9.6; tiff=LIBTIFF, Version 4.7.1; tcl=8.6.17; curl=8.16.0; zlib=1.3.1; bzlib=1.0.8, 13-Jul-2019; xz=5.8.1; deflate=1.24; PCRE=10.46 2025-08-27; ICU=77.1; TRE=TRE 0.8.0 R_fixes (BSD); iconv=win_iconv; readline=; BLAS=; lapack=; lapack_version=3.12.1]
[2025-11-24 17:46:37] [INFO]    [OmnipathR] Loaded packages: abind 1.4-8(2024-09-12); AnnotationDbi 1.72.0(2025-10-29); backports 1.5.0(2024-05-23); bcellViper 1.46.0(2025-10-30); Biobase 2.70.0(2025-10-29); BiocFileCache 3.0.0(2025-10-29); BiocGenerics 0.56.0(2025-10-29); BiocParallel 1.44.0(2025-10-29); biomaRt 2.66.0(2025-10-29); Biostrings 2.78.0(2025-10-29); bit 4.6.0(2025-03-06); bit64 4.6.0-1(2025-01-16); blob 1.2.4(2023-03-17); cachem 1.1.0(2024-05-16); CARNIVAL 2.20.0(2025-10-29); cellranger 1.1.0(2016-07-27); checkmate 2.3.3(2025-08-18); cli 3.6.5(2025-04-23); codetools 0.2-20(2024-03-31); crayon 1.5.3(2024-06-20); curl 7.0.0(2025-08-19); DBI 1.2.3(2024-06-02); dbplyr 2.5.1(2025-09-10); DelayedArray 0.36.0(2025-10-29); DESeq2 1.50.2(2025-11-13); digest 0.6.39(2025-11-19); dorothea 1.22.0(2025-11-04); dplyr 1.1.4(2023-11-17); evaluate 1.0.5(2025-08-27); farver 2.1.2(2024-05-13); fastmap 1.2.0(2024-05-15); filelock 1.0.3(2023-12-11); fs 1.6.6(2025-04-12); generics 0.1.4(2025-05-09); GenomicRanges 1.62.0(2025-10-29); ggplot2 4.0.1(2025-11-14); ggrepel 0.9.6(2024-09-07); glue 1.8.0(2024-09-30); gridExtra 2.3(2017-09-09); gtable 0.3.6(2024-10-25); hms 1.1.4(2025-10-17); htmltools 0.5.8.1(2024-04-04); httr 1.4.7(2023-08-15); httr2 1.2.1(2025-07-22); igraph 2.2.1(2025-10-27); IRanges 2.44.0(2025-10-29); jsonlite 2.0.0(2025-03-27); KEGGREST 1.50.0(2025-10-29); knitr 1.50(2025-03-16); later 1.4.4(2025-08-27); lattice 0.22-7(2025-04-02); lifecycle 1.0.4(2023-11-07); locfit 1.5-9.12(2025-03-05); logger 0.4.1(2025-09-11); lpSolve 5.6.23(2024-12-14); lubridate 1.9.4(2024-12-08); magrittr 2.0.4(2025-09-12); Matrix 1.7-4(2025-08-28); MatrixGenerics 1.22.0(2025-10-29); matrixStats 1.5.0(2025-01-07); memoise 2.0.1(2021-11-26); OmnipathR 3.17.9(2025-11-11); pillar 1.11.1(2025-09-17); pkgconfig 2.0.3(2019-09-22); plyr 1.8.9(2023-10-02); png 0.1-8(2022-11-29); prettyunits 1.2.0(2023-09-24); progeny 1.32.0(2025-10-29); progress 1.2.3(2023-12-06); purrr 1.2.0(2025-11-04); R.methodsS3 1.8.2(2022-06-13); R.oo 1.27.1(2025-05-02); R.utils 2.13.0(2025-02-24); R6 2.6.1(2025-02-15); rappdirs 0.3.3(2021-01-31); RColorBrewer 1.1-3(2022-04-03); Rcpp 1.1.0(2025-07-02); readr 2.1.6(2025-11-14); readxl 1.4.5(2025-03-07); reshape2 1.4.5(2025-11-12); rjson 0.2.23(2024-09-16); rlang 1.1.6(2025-04-11); rmarkdown 2.30(2025-09-28); RSQLite 2.4.4(2025-11-10); rstudioapi 0.17.1(2024-10-22); rvest 1.0.5(2025-08-29); S4Arrays 1.10.0(2025-10-29); S4Vectors 0.48.0(2025-10-29); S7 0.2.1(2025-11-14); scales 1.4.0(2025-04-24); Seqinfo 1.0.0(2025-10-29); sessioninfo 1.2.3(2025-02-05); SparseArray 1.10.2(2025-11-17); stringi 1.8.7(2025-03-27); stringr 1.6.0(2025-11-04); SummarizedExperiment 1.40.0(2025-10-29); tibble 3.3.0(2025-06-08); tidyr 1.3.1(2024-01-24); tidyselect 1.2.1(2024-03-11); timechange 0.3.0(2024-01-18); tzdb 0.5.0(2025-03-15); vctrs 0.6.5(2023-12-01); withr 3.0.2(2024-10-28); xfun 0.54(2025-10-30); XML 3.99-0.20(2025-11-08); xml2 1.5.0(2025-11-17); XVector 0.50.0(2025-10-29); yaml 2.3.10(2024-07-26); zip 2.3.3(2025-05-13)
[2025-11-24 17:46:37] [INFO]    [OmnipathR] CURL: version: 8.14.1; headers: 8.14.1; ssl_version: (OpenSSL/3.5.0) Schannel; libz_version: 1.3; libssh_version: libssh2/1.11.0; libidn_version: NA; host: x86_64-w64-mingw32; protocols: dict, file, ftp, ftps, gopher, gophers, http, https, imap, imaps, ldap, ldaps, mqtt, pop3, pop3s, rtsp, scp, sftp, smb, smbs, smtp, smtps, telnet, tftp, ws, wss; ipv6: TRUE; http2: TRUE; idn: TRUE; url_parser: TRUE
[2025-11-24 17:46:37] [TRACE]   [OmnipathR] Reading JSON from `C:/Program Files/R/R-4.5.2/library/OmnipathR/db/db_def.json` (encoding: UTF-8).
[2025-11-24 17:46:37] [TRACE]   [OmnipathR] JSON validation successful: TRUE
[2025-11-24 17:46:37] [TRACE]   [OmnipathR] Reading JSON from `C:/Program Files/R/R-4.5.2/library/OmnipathR/internal/magic_bytes.json` (encoding: UTF-8).
[2025-11-24 17:46:37] [TRACE]   [OmnipathR] JSON validation successful: TRUE
[2025-11-24 17:46:37] [TRACE]   [OmnipathR] Reading JSON from `C:/Program Files/R/R-4.5.2/library/OmnipathR/internal/urls.json` (encoding: UTF-8).
[2025-11-24 17:46:37] [TRACE]   [OmnipathR] JSON validation successful: TRUE
[2025-11-24 17:46:37] [TRACE]   [OmnipathR] Reading JSON from `C:/Program Files/R/R-4.5.2/library/OmnipathR/internal/id_types.json` (encoding: UTF-8).
[2025-11-24 17:46:37] [TRACE]   [OmnipathR] JSON validation successful: TRUE
[2025-11-24 17:47:13] [TRACE]   [OmnipathR] Processing args for OmniPath query
[2025-11-24 17:47:13] [TRACE]   [OmnipathR] Arguments for OmniPath query: [query_type=interactions]
[2025-11-24 17:47:13] [INFO]    [OmnipathR] Loading database `Ensembl and OMA organism names`.
[2025-11-24 17:47:13] [INFO]    [OmnipathR] Looking up in cache `https://www.ensembl.org/info/about/species.html`: key=7332486db7400730697234bad76ca0c8e4d00799, latest version=2.
[2025-11-24 17:47:13] [TRACE]   [OmnipathR] Cache file path: C:\Users\diana\AppData\Local\cache\OmnipathR/7332486db7400730697234bad76ca0c8e4d00799-2.html
[2025-11-24 17:47:13] [TRACE]   [OmnipathR] Downloading by `generic_downloader`.
[2025-11-24 17:47:13] [TRACE]   [OmnipathR] Looking up in cache: `https://omabrowser.org/All/oma-species.txt`.
[2025-11-24 17:47:13] [TRACE]   [OmnipathR] Loaded data from RDS `C:\Users\diana\AppData\Local\cache\OmnipathR/30e690cbb55dfc63b5903ab337f34ffc2f4be397-1.rds`.
[2025-11-24 17:47:13] [TRACE]   [OmnipathR] Downloading by `generic_downloader`.
[2025-11-24 17:47:13] [TRACE]   [OmnipathR] Looking up in cache: `https://ftp.expasy.org/databases/uniprot/current_release/knowledgebase/complete/docs/speclist.txt`.
[2025-11-24 17:47:13] [TRACE]   [OmnipathR] Loaded data from RDS `C:\Users\diana\AppData\Local\cache\OmnipathR/56ad6544dc07a2222fa6013d8d83e6e5a35fdf33-1.rds`.
[2025-11-24 17:47:14] [INFO]    [OmnipathR] Loaded database `Ensembl and OMA organism names`.
[2025-11-24 17:47:14] [TRACE]   [OmnipathR] Organism(s): 9606
[2025-11-24 17:47:14] [TRACE]   [OmnipathR] Orthology targets: 
[2025-11-24 17:47:14] [TRACE]   [OmnipathR] Looking up in cache: `https://omnipathdb.org/interactions?genesymbols=yes&datasets=omnipath&organisms=9606&fields=sources,references,curation_effort&license=academic`
[2025-11-24 17:47:14] [TRACE]   [OmnipathR] Loaded data from RDS `C:\Users\diana\AppData\Local\cache\OmnipathR/a7b21d9d80a3837a50268df16d168128fc1c6ede-1.rds`.
[2025-11-24 17:47:14] [INFO]    [OmnipathR] Loaded from cache: `https://omnipathdb.org/interactions?genesymbols=yes&datasets=omnipath&organisms=9606&fields=sources,references,curation_effort&license=academic`
[2025-11-24 17:47:18] [SUCCESS] [OmnipathR] Loaded 85217 interactions from cache.
